{
  "RSpec": {
    "coverage": {
      "/Users/christopherbrenner/Work/dominance/app/models/user.rb": [
        null,
        null,
        null,
        1,
        1,
        null,
        1,
        1,
        null,
        1,
        88,
        null,
        null,
        1,
        36,
        null,
        null
      ],
      "/Users/christopherbrenner/Work/dominance/app/models/application_record.rb": [
        null,
        null,
        null,
        1,
        1,
        null
      ],
      "/Users/christopherbrenner/Work/dominance/app/helpers/application_helper.rb": [
        null,
        null,
        null,
        1,
        null
      ],
      "/Users/christopherbrenner/Work/dominance/app/jobs/application_job.rb": [
        null,
        null,
        1,
        null
      ],
      "/Users/christopherbrenner/Work/dominance/app/mailers/application_mailer.rb": [
        null,
        null,
        null,
        1,
        1,
        1,
        null
      ],
      "/Users/christopherbrenner/Work/dominance/app/models/game.rb": [
        null,
        null,
        null,
        1,
        1,
        19,
        null
      ],
      "/Users/christopherbrenner/Work/dominance/app/models/round.rb": [
        null,
        null,
        null,
        1,
        1,
        1,
        1,
        null
      ],
      "/Users/christopherbrenner/Work/dominance/app/models/score.rb": [
        null,
        null,
        null,
        1,
        1,
        1,
        1,
        null
      ],
      "/Users/christopherbrenner/Work/dominance/app/controllers/games_controller.rb": [
        null,
        null,
        null,
        1,
        1,
        18,
        55,
        18,
        null,
        null,
        1,
        1,
        null,
        null,
        1,
        1,
        1,
        null,
        null,
        1,
        null,
        1,
        37,
        37,
        37,
        37,
        37,
        37,
        null,
        null,
        1,
        18,
        18,
        18,
        18,
        null,
        null,
        1,
        37,
        13,
        24,
        11,
        null,
        13,
        null,
        null,
        null,
        1,
        18,
        14,
        4,
        1,
        null,
        3,
        null,
        null,
        null
      ],
      "/Users/christopherbrenner/Work/dominance/app/controllers/application_controller.rb": [
        null,
        null,
        null,
        1,
        1,
        1,
        null
      ],
      "/Users/christopherbrenner/Work/dominance/app/controllers/rounds_controller.rb": [
        null,
        null,
        null,
        1,
        1,
        7,
        7,
        7,
        7,
        null,
        null,
        1,
        2,
        2,
        2,
        2,
        null,
        null,
        1,
        2,
        2,
        2,
        2,
        null,
        0,
        null,
        null,
        null,
        1,
        null,
        1,
        10,
        null,
        null,
        1,
        2,
        null,
        null,
        1,
        2,
        null,
        null,
        null,
        null,
        null,
        1,
        2,
        null,
        null,
        null,
        null,
        null
      ]
    },
    "timestamp": 1522604778
  }
}
